<?xml version="1.0" encoding="UTF-8"?>
<testng-results ignored="0" total="10" passed="10" failed="0" skipped="0">
  <reporter-output>
  </reporter-output>
  <suite started-at="2023-07-30T06:02:18 EEST" name="PetSuite" finished-at="2023-07-30T06:02:58 EEST" duration-ms="39682">
    <groups>
    </groups>
    <test started-at="2023-07-30T06:02:18 EEST" name="PetTests" finished-at="2023-07-30T06:02:58 EEST" duration-ms="39682">
      <class name="api.tests.DDTests">
        <test-method signature="testPostuser(java.lang.String,java.lang.String,java.lang.String,java.lang.String,java.lang.String,java.lang.String,java.lang.String)[pri:1, instance:api.tests.DDTests@20deea7f]" started-at="2023-07-30T06:02:52 EEST" name="testPostuser" data-provider="Data" finished-at="2023-07-30T06:02:53 EEST" duration-ms="927" status="PASS">
          <params>
            <param index="0">
              <value>
                <![CDATA[1010]]>
              </value>
            </param>
            <param index="1">
              <value>
                <![CDATA[testuser1]]>
              </value>
            </param>
            <param index="2">
              <value>
                <![CDATA[John]]>
              </value>
            </param>
            <param index="3">
              <value>
                <![CDATA[Canedy]]>
              </value>
            </param>
            <param index="4">
              <value>
                <![CDATA[a@gmail.com]]>
              </value>
            </param>
            <param index="5">
              <value>
                <![CDATA[test@1]]>
              </value>
            </param>
            <param index="6">
              <value>
                <![CDATA[1234567897]]>
              </value>
            </param>
          </params>
          <reporter-output>
          </reporter-output>
        </test-method> <!-- testPostuser -->
        <test-method signature="testPostuser(java.lang.String,java.lang.String,java.lang.String,java.lang.String,java.lang.String,java.lang.String,java.lang.String)[pri:1, instance:api.tests.DDTests@20deea7f]" started-at="2023-07-30T06:02:53 EEST" name="testPostuser" data-provider="Data" finished-at="2023-07-30T06:02:53 EEST" duration-ms="819" status="PASS">
          <params>
            <param index="0">
              <value>
                <![CDATA[1020]]>
              </value>
            </param>
            <param index="1">
              <value>
                <![CDATA[testuser2]]>
              </value>
            </param>
            <param index="2">
              <value>
                <![CDATA[Kim]]>
              </value>
            </param>
            <param index="3">
              <value>
                <![CDATA[Kom]]>
              </value>
            </param>
            <param index="4">
              <value>
                <![CDATA[b@gmail.com]]>
              </value>
            </param>
            <param index="5">
              <value>
                <![CDATA[test@2]]>
              </value>
            </param>
            <param index="6">
              <value>
                <![CDATA[1234567897]]>
              </value>
            </param>
          </params>
          <reporter-output>
          </reporter-output>
        </test-method> <!-- testPostuser -->
        <test-method signature="testPostuser(java.lang.String,java.lang.String,java.lang.String,java.lang.String,java.lang.String,java.lang.String,java.lang.String)[pri:1, instance:api.tests.DDTests@20deea7f]" started-at="2023-07-30T06:02:53 EEST" name="testPostuser" data-provider="Data" finished-at="2023-07-30T06:02:54 EEST" duration-ms="807" status="PASS">
          <params>
            <param index="0">
              <value>
                <![CDATA[1030]]>
              </value>
            </param>
            <param index="1">
              <value>
                <![CDATA[testuser3]]>
              </value>
            </param>
            <param index="2">
              <value>
                <![CDATA[Smith]]>
              </value>
            </param>
            <param index="3">
              <value>
                <![CDATA[Steve]]>
              </value>
            </param>
            <param index="4">
              <value>
                <![CDATA[c@gmail.com]]>
              </value>
            </param>
            <param index="5">
              <value>
                <![CDATA[test@3]]>
              </value>
            </param>
            <param index="6">
              <value>
                <![CDATA[1234567897]]>
              </value>
            </param>
          </params>
          <reporter-output>
          </reporter-output>
        </test-method> <!-- testPostuser -->
        <test-method signature="testDeleteUserByName(java.lang.String)[pri:2, instance:api.tests.DDTests@20deea7f]" started-at="2023-07-30T06:02:55 EEST" name="testDeleteUserByName" data-provider="UserNames" finished-at="2023-07-30T06:02:56 EEST" duration-ms="1059" status="PASS">
          <params>
            <param index="0">
              <value>
                <![CDATA[testuser1]]>
              </value>
            </param>
          </params>
          <reporter-output>
          </reporter-output>
        </test-method> <!-- testDeleteUserByName -->
        <test-method signature="testDeleteUserByName(java.lang.String)[pri:2, instance:api.tests.DDTests@20deea7f]" started-at="2023-07-30T06:02:56 EEST" name="testDeleteUserByName" data-provider="UserNames" finished-at="2023-07-30T06:02:57 EEST" duration-ms="819" status="PASS">
          <params>
            <param index="0">
              <value>
                <![CDATA[testuser2]]>
              </value>
            </param>
          </params>
          <reporter-output>
          </reporter-output>
        </test-method> <!-- testDeleteUserByName -->
        <test-method signature="testDeleteUserByName(java.lang.String)[pri:2, instance:api.tests.DDTests@20deea7f]" started-at="2023-07-30T06:02:57 EEST" name="testDeleteUserByName" data-provider="UserNames" finished-at="2023-07-30T06:02:58 EEST" duration-ms="887" status="PASS">
          <params>
            <param index="0">
              <value>
                <![CDATA[testuser3]]>
              </value>
            </param>
          </params>
          <reporter-output>
          </reporter-output>
        </test-method> <!-- testDeleteUserByName -->
      </class> <!-- api.tests.DDTests -->
      <class name="api.tests.UserTests2">
        <test-method is-config="true" signature="setupData()[pri:0, instance:api.tests.UserTests2@61df66b6]" started-at="2023-07-30T06:02:20 EEST" name="setupData" finished-at="2023-07-30T06:02:22 EEST" duration-ms="1749" status="PASS">
          <reporter-output>
          </reporter-output>
        </test-method> <!-- setupData -->
        <test-method signature="testPostUser()[pri:1, instance:api.tests.UserTests2@61df66b6]" started-at="2023-07-30T06:02:22 EEST" name="testPostUser" finished-at="2023-07-30T06:02:36 EEST" duration-ms="14207" status="PASS">
          <reporter-output>
          </reporter-output>
        </test-method> <!-- testPostUser -->
        <test-method signature="testGetUserByName()[pri:2, instance:api.tests.UserTests2@61df66b6]" started-at="2023-07-30T06:02:36 EEST" name="testGetUserByName" finished-at="2023-07-30T06:02:37 EEST" duration-ms="1090" status="PASS">
          <reporter-output>
          </reporter-output>
        </test-method> <!-- testGetUserByName -->
        <test-method signature="testUpdateUserByName()[pri:3, instance:api.tests.UserTests2@61df66b6]" started-at="2023-07-30T06:02:37 EEST" name="testUpdateUserByName" finished-at="2023-07-30T06:02:39 EEST" duration-ms="1568" status="PASS">
          <reporter-output>
          </reporter-output>
        </test-method> <!-- testUpdateUserByName -->
        <test-method signature="testDeleteUserByName()[pri:4, instance:api.tests.UserTests2@61df66b6]" started-at="2023-07-30T06:02:39 EEST" name="testDeleteUserByName" finished-at="2023-07-30T06:02:39 EEST" duration-ms="787" status="PASS">
          <reporter-output>
          </reporter-output>
        </test-method> <!-- testDeleteUserByName -->
      </class> <!-- api.tests.UserTests2 -->
    </test> <!-- PetTests -->
  </suite> <!-- PetSuite -->
</testng-results>
