<?xml version="1.0" encoding="UTF-8"?>
<testsuite xmlns:xsi="http://www.w3.org/2001/XMLSchema-instance" xsi:noNamespaceSchemaLocation="https://maven.apache.org/surefire/maven-surefire-plugin/xsd/surefire-test-report-3.0.xsd" version="3.0" name="TestSuite" time="46.508" tests="10" errors="0" skipped="0" failures="0">
  <properties>
[...]
</properties>
  <testcase name="testPostUser" classname="api.tests.UserTests2" time="14.291">
    <system-out><![CDATA[HTTP/1.1 200 OK
Date: Sun, 30 Jul 2023 02:58:09 GMT
Content-Type: application/json
Transfer-Encoding: chunked
Connection: keep-alive
Access-Control-Allow-Origin: *
Access-Control-Allow-Methods: GET, POST, DELETE, PUT
Access-Control-Allow-Headers: Content-Type, api_key, Authorization
Server: Jetty(9.2.9.v20150224)

{
    "code": 200,
    "type": "unknown",
    "message": "644082020"
}
]]></system-out>
    <system-err><![CDATA[SLF4J: Failed to load class "org.slf4j.impl.StaticLoggerBinder".
SLF4J: Defaulting to no-operation (NOP) logger implementation
SLF4J: See http://www.slf4j.org/codes.html#StaticLoggerBinder for further details.
Jul 30, 2023 6:02:22 AM api.tests.UserTests2 testPostUser
INFO: ********** Reading User Info ***************
Jul 30, 2023 6:02:36 AM api.tests.UserTests2 testPostUser
INFO: **********User info  is created ***************
]]></system-err>
  </testcase>
  <testcase name="testGetUserByName" classname="api.tests.UserTests2" time="1.124">
    <system-out><![CDATA[HTTP/1.1 200 OK
Date: Sun, 30 Jul 2023 02:58:11 GMT
Content-Type: application/json
Transfer-Encoding: chunked
Connection: keep-alive
Access-Control-Allow-Origin: *
Access-Control-Allow-Methods: GET, POST, DELETE, PUT
Access-Control-Allow-Headers: Content-Type, api_key, Authorization
Server: Jetty(9.2.9.v20150224)

{
    "id": 644082020,
    "username": "peter.johns",
    "firstName": "Wilburn",
    "lastName": "Leuschke",
    "email": "barrett.schowalter@example.com",
    "password": "9bdwn",
    "phone": "880.092.1335",
    "userStatus": 0
}
]]></system-out>
    <system-err><![CDATA[Jul 30, 2023 6:02:36 AM api.tests.UserTests2 testGetUserByName
INFO: ********** Reading User Info ***************
Jul 30, 2023 6:02:37 AM api.tests.UserTests2 testGetUserByName
INFO: **********User info  is displayed ***************
]]></system-err>
  </testcase>
  <testcase name="testUpdateUserByName" classname="api.tests.UserTests2" time="1.538">
    <system-out><![CDATA[HTTP/1.1 200 OK
Date: Sun, 30 Jul 2023 02:58:12 GMT
Content-Type: application/json
Transfer-Encoding: chunked
Connection: keep-alive
Access-Control-Allow-Origin: *
Access-Control-Allow-Methods: GET, POST, DELETE, PUT
Access-Control-Allow-Headers: Content-Type, api_key, Authorization
Server: Jetty(9.2.9.v20150224)

{
    "code": 200,
    "type": "unknown",
    "message": "644082020"
}
]]></system-out>
    <system-err><![CDATA[Jul 30, 2023 6:02:37 AM api.tests.UserTests2 testUpdateUserByName
INFO: ********** Updating User ***************
Jul 30, 2023 6:02:38 AM api.tests.UserTests2 testUpdateUserByName
INFO: ********** User updated ***************
]]></system-err>
  </testcase>
  <testcase name="testDeleteUserByName" classname="api.tests.UserTests2" time="0.798">
    <system-err><![CDATA[Jul 30, 2023 6:02:39 AM api.tests.UserTests2 testDeleteUserByName
INFO: **********   Deleting User  ***************
Jul 30, 2023 6:02:39 AM api.tests.UserTests2 testDeleteUserByName
INFO: ********** User deleted ***************
]]></system-err>
  </testcase>
  <testcase name="testPostuser[1010, testuser1, John, Canedy, a@gmail.com, test@1, 1234567897](1)" classname="api.tests.DDTests" time="0.909"/>
  <testcase name="testPostuser[1020, testuser2, Kim, Kom, b@gmail.com, test@2, 1234567897](2)" classname="api.tests.DDTests" time="0.82"/>
  <testcase name="testPostuser[1030, testuser3, Smith, Steve, c@gmail.com, test@3, 1234567897](3)" classname="api.tests.DDTests" time="0.802"/>
  <testcase name="testDeleteUserByName[testuser1](1)" classname="api.tests.DDTests" time="1.06"/>
  <testcase name="testDeleteUserByName[testuser2](2)" classname="api.tests.DDTests" time="0.819"/>
  <testcase name="testDeleteUserByName[testuser3](3)" classname="api.tests.DDTests" time="0.889"/>
</testsuite>