<?xml version="1.0" encoding="UTF-8"?>
<!-- Generated by org.testng.reporters.JUnitXMLReporter -->
<testsuite ignored="0" hostname="EG-4632MG3" failures="0" tests="10" name="PetTests" time="39.682" errors="0" timestamp="2023-07-30T06:03:00 EEST">
  <testcase classname="api.tests.UserTests2" name="testPostUser" time="14.207"/>
  <testcase classname="api.tests.UserTests2" name="testGetUserByName" time="1.09"/>
  <testcase classname="api.tests.UserTests2" name="testUpdateUserByName" time="1.568"/>
  <testcase classname="api.tests.UserTests2" name="testDeleteUserByName" time="0.787"/>
  <testcase classname="api.tests.DDTests" name="testPostuser" time="0.927"/>
  <testcase classname="api.tests.DDTests" name="testPostuser" time="0.819"/>
  <testcase classname="api.tests.DDTests" name="testPostuser" time="0.807"/>
  <testcase classname="api.tests.DDTests" name="testDeleteUserByName" time="1.059"/>
  <testcase classname="api.tests.DDTests" name="testDeleteUserByName" time="0.819"/>
  <testcase classname="api.tests.DDTests" name="testDeleteUserByName" time="0.887"/>
</testsuite> <!-- PetTests -->
